        -:    0:Source:Node.h
        -:    1:#ifndef NODE_H
        -:    2:#define NODE_H
        -:    3:
        -:    4:#include <iostream>
        -:    5:#include <sstream>
        -:    6:#include <cstddef>
        -:    7:
        -:    8:/* ------------------------- DO NOT MODIFY THIS FILE ------------------------ */
        -:    9:
        -:   10://A cpp file is not needed for this class
        -:   11:
        -:   12:template <class T>
        -:   13:class Node
        -:   14:{
        -:   15:    public:
        -:   16:    Node<T> *next;
        -:   17:    T data;
      245:   18:    Node(T data){
      245:   19:        this->data = data;
      245:   20:        this->next = NULL;
      245:   21:    };
------------------
_ZN4NodeIsEC2Es:
       48:   18:    Node(T data){
       48:   19:        this->data = data;
       48:   20:        this->next = NULL;
       48:   21:    };
------------------
_ZN4NodeIfEC2Ef:
       48:   18:    Node(T data){
       48:   19:        this->data = data;
       48:   20:        this->next = NULL;
       48:   21:    };
------------------
_ZN4NodeIdEC2Ed:
       75:   18:    Node(T data){
       75:   19:        this->data = data;
       75:   20:        this->next = NULL;
       75:   21:    };
------------------
_ZN4NodeIiEC2Ei:
       74:   18:    Node(T data){
       74:   19:        this->data = data;
       74:   20:        this->next = NULL;
       74:   21:    };
------------------
        -:   22:    Node(T data, Node<T> *next){
        -:   23:        this->data = data;
        -:   24:        this->next = next;
        -:   25:    };
      237:   26:    ~Node(){
      237:   27:        this->next = NULL;
      237:   28:    };
------------------
_ZN4NodeIsED2Ev:
       47:   26:    ~Node(){
       47:   27:        this->next = NULL;
       47:   28:    };
------------------
_ZN4NodeIfED2Ev:
       47:   26:    ~Node(){
       47:   27:        this->next = NULL;
       47:   28:    };
------------------
_ZN4NodeIdED2Ev:
       70:   26:    ~Node(){
       70:   27:        this->next = NULL;
       70:   28:    };
------------------
_ZN4NodeIiED2Ev:
       73:   26:    ~Node(){
       73:   27:        this->next = NULL;
       73:   28:    };
------------------
        -:   29:};
        -:   30:
        -:   31:
        -:   32:#endif
